SF:lib/main.dart
DA:5,3
DA:6,3
DA:7,3
DA:9,3
DA:11,0
DA:12,0
DA:16,1
DA:18,0
DA:20,0
DA:23,0
DA:26,0
DA:32,1
DA:35,1
DA:36,1
DA:43,1
DA:46,1
DA:47,1
DA:49,1
DA:53,1
DA:56,1
DA:57,1
DA:60,1
DA:61,1
DA:62,3
DA:64,1
DA:66,1
DA:67,2
DA:68,1
DA:69,1
DA:70,1
DA:72,2
DA:74,1
DA:76,1
DA:77,2
DA:80,1
DA:82,2
DA:84,1
DA:86,1
DA:87,2
DA:92,1
DA:93,1
DA:94,1
DA:95,1
DA:96,1
DA:98,1
DA:99,1
DA:101,1
DA:105,1
DA:108,1
DA:109,1
DA:113,1
DA:116,1
DA:117,3
DA:119,2
DA:128,1
DA:129,1
DA:130,1
DA:131,1
DA:133,1
DA:134,1
DA:136,1
DA:140,1
DA:142,1
DA:145,1
DA:148,1
DA:149,1
DA:153,1
DA:156,1
DA:157,3
DA:158,3
DA:160,2
LF:71
LH:65
end_of_record
