SF:lib/main.dart
DA:4,3
DA:5,3
DA:6,3
DA:8,3
DA:10,0
DA:11,0
DA:15,2
DA:17,1
DA:19,1
DA:22,1
DA:31,1
DA:34,1
DA:35,1
DA:42,1
DA:45,1
DA:46,1
DA:48,1
DA:52,1
DA:55,1
DA:56,1
DA:59,1
DA:60,1
DA:61,3
DA:63,1
DA:65,1
DA:66,2
DA:67,1
DA:68,1
DA:69,1
DA:71,2
DA:73,1
DA:75,1
DA:76,2
DA:79,1
DA:81,2
DA:83,1
DA:85,1
DA:86,2
DA:91,1
DA:92,1
DA:93,1
DA:94,1
DA:95,1
DA:97,1
DA:98,1
DA:100,1
DA:104,1
DA:107,1
DA:108,1
DA:112,1
DA:115,1
DA:116,3
DA:118,2
DA:127,1
DA:128,1
DA:129,1
DA:130,1
DA:132,1
DA:133,1
DA:135,1
DA:139,1
DA:141,1
DA:144,1
DA:147,1
DA:148,1
DA:152,1
DA:155,1
DA:156,3
DA:157,3
DA:159,2
LF:70
LH:68
end_of_record
